MobileSafe09/proguard/seeds.txt
net.youmi.android.b.b.f.l
net.youmi.android.b.b.f.l: java.net.InetSocketAddress a
net.youmi.android.b.b.f.l: java.net.InetSocketAddress b
net.youmi.android.b.b.f.l: long c
net.youmi.android.b.b.f.l: java.lang.String d
net.youmi.android.b.b.f.l: int e
net.youmi.android.b.b.f.l: l(java.lang.String)
net.youmi.android.b.b.f.l: l()
net.youmi.android.b.b.f.l: net.youmi.android.b.b.f.g a(byte[])
net.youmi.android.b.b.f.l: int b(net.youmi.android.b.b.f.g)
net.youmi.android.b.b.f.l: net.youmi.android.b.b.f.g a(net.youmi.android.b.b.f.g)
net.youmi.android.b.b.f.l: void <clinit>()
net.youmi.android.b.b.f.m
net.youmi.android.b.b.f.m: java.security.SecureRandom c
net.youmi.android.b.b.f.m: boolean d
net.youmi.android.b.b.f.m: boolean e
net.youmi.android.b.b.f.m: m(long)
net.youmi.android.b.b.f.m: void a(java.net.InetSocketAddress)
net.youmi.android.b.b.f.m: void a(java.net.SocketAddress)
net.youmi.android.b.b.f.m: void b(java.net.SocketAddress)
net.youmi.android.b.b.f.m: void a(byte[])
net.youmi.android.b.b.f.m: byte[] a(int)
net.youmi.android.b.b.f.m: byte[] a(java.net.SocketAddress,java.net.SocketAddress,byte[],int,long)
net.youmi.android.b.b.f.m: java.security.SecureRandom b()
net.youmi.android.b.b.f.m: boolean a(boolean)
net.youmi.android.b.b.f.m: void <clinit>()
net.youmi.android.b.b.f.n
net.youmi.android.b.b.f.n: n()
net.youmi.android.b.b.f.n: void run()
net.youmi.android.b.b.g.a
net.youmi.android.b.b.g.a: a(android.content.Context)
net.youmi.android.b.b.g.a: boolean b(java.lang.String)
net.youmi.android.b.b.g.a: void k(net.youmi.android.b.b.g.e.a)
net.youmi.android.b.b.g.a: void l(net.youmi.android.b.b.g.e.a)
net.youmi.android.b.b.g.a: void m(net.youmi.android.b.b.g.e.a)
net.youmi.android.b.b.g.a: void n(net.youmi.android.b.b.g.e.a)
net.youmi.android.b.b.g.a: void o(net.youmi.android.b.b.g.e.a)
net.youmi.android.b.b.g.a: void p(net.youmi.android.b.b.g.e.a)
net.youmi.android.b.b.g.a: void a(net.youmi.android.b.b.g.d.a,net.youmi.android.b.b.g.e.a)
net.youmi.android.b.b.g.a: void b(net.youmi.android.b.b.g.d.a,net.youmi.android.b.b.g.e.a)
net.youmi.android.b.b.g.a: void c(net.youmi.android.b.b.g.d.a,net.youmi.android.b.b.g.e.a)
net.youmi.android.b.b.g.a: void d(net.youmi.android.b.b.g.d.a,net.youmi.android.b.b.g.e.a)
net.youmi.android.b.b.g.a: void e(net.youmi.android.b.b.g.d.a,net.youmi.android.b.b.g.e.a)
net.youmi.android.b.b.g.a: void a(net.youmi.android.b.b.g.d.a,net.youmi.android.b.b.g.e.a,long,long,int,long)
net.youmi.android.b.b.g.a: void f(net.youmi.android.b.b.g.d.a,net.youmi.android.b.b.g.e.a)
net.youmi.android.b.b.g.a: void a_(net.youmi.android.b.b.g.e.a)
net.youmi.android.b.b.g.a: void b(net.youmi.android.b.b.g.e.a)
net.youmi.android.b.b.g.a: void b_(net.youmi.android.b.b.g.e.a)
net.youmi.android.b.b.g.a: void c_(net.youmi.android.b.b.g.e.a)
net.youmi.android.b.b.g.a: void d_(net.youmi.android.b.b.g.e.a)
net.youmi.android.b.b.g.a.a
net.youmi.android.b.b.g.a.a: long a
net.youmi.android.b.b.g.a.a: long b
net.youmi.android.b.b.g.a.a: boolean c
net.youmi.android.b.b.g.a.a: java.lang.String d
net.youmi.android.b.b.g.a.a: java.io.File e
net.youmi.android.b.b.g.a.a: android.content.Context f
net.youmi.android.b.b.g.a.a: a(android.content.Context,java.lang.String,java.io.File,long)
net.youmi.android.b.b.g.a.a: a(android.content.Context,java.lang.String,java.io.File)
net.youmi.android.b.b.g.a.a: int a()
net.youmi.android.b.b.g.a.a: long b()
net.youmi.android.b.b.g.a.a: int c()
net.youmi.android.b.b.g.a.a: long d()
net.youmi.android.b.b.g.a.b
net.youmi.android.b.b.g.a.b: void a(java.lang.Runnable)