MobileSafe09/proguard/mapping.txt
se.emilsjolander.stickylistheaders.SectionIndexerAdapterWrapper -> se.emilsjolander.stickylistheaders.i:
    android.widget.SectionIndexer mSectionIndexerDelegate -> b
    int getPositionForSection(int) -> getPositionForSection
    int getSectionForPosition(int) -> getSectionForPosition
    java.lang.Object[] getSections() -> getSections
se.emilsjolander.stickylistheaders.StickyListHeadersAdapter -> se.emilsjolander.stickylistheaders.j:
    android.view.View getHeaderView(int,android.view.View,android.view.ViewGroup) -> a
    long getHeaderId(int) -> b
se.emilsjolander.stickylistheaders.StickyListHeadersListView -> se.emilsjolander.stickylistheaders.StickyListHeadersListView:
    se.emilsjolander.stickylistheaders.WrapperViewList mList -> a
    android.view.View mHeader -> b
    java.lang.Long mHeaderId -> c
    java.lang.Integer mHeaderPosition -> d
    java.lang.Integer mHeaderOffset -> e
    android.widget.AbsListView$OnScrollListener mOnScrollListenerDelegate -> f
    se.emilsjolander.stickylistheaders.AdapterWrapper mAdapter -> g
    boolean mAreHeadersSticky -> h
    boolean mClippingToPadding -> i
    boolean mIsDrawingListUnderStickyHeader -> j
    int mStickyHeaderTopOffset -> k
    int mPaddingLeft -> l
    int mPaddingTop -> m
    int mPaddingRight -> n
    int mPaddingBottom -> o
    float mDownY -> p
    boolean mHeaderOwnsTouch -> q
    float mTouchSlop -> r
    se.emilsjolander.stickylistheaders.StickyListHeadersListView$OnHeaderClickListener mOnHeaderClickListener -> s
    se.emilsjolander.stickylistheaders.StickyListHeadersListView$OnStickyHeaderOffsetChangedListener mOnStickyHeaderOffsetChangedListener -> t
    se.emilsjolander.stickylistheaders.StickyListHeadersListView$OnStickyHeaderChangedListener mOnStickyHeaderChangedListener -> u
    se.emilsjolander.stickylistheaders.StickyListHeadersListView$AdapterWrapperDataSetObserver mDataSetObserver -> v
    android.graphics.drawable.Drawable mDivider -> w
    int mDividerHeight -> x
    void onMeasure(int,int) -> onMeasure
se.emilsjolander.stickylistheaders.StickyListHeadersListView$1 -> se.emilsjolander.stickylistheaders.k:
    se.emilsjolander.stickylistheaders.StickyListHeadersListView this$0 -> a
    void onClick(android.view.View) -> onClick
se.emilsjolander.stickylistheaders.StickyListHeadersListView$2 -> se.emilsjolander.stickylistheaders.l:
    se.emilsjolander.stickylistheaders.StickyListHeadersListView this$0 -> a
    void onClick(android.view.View) -> onClick
se.emilsjolander.stickylistheaders.StickyListHeadersListView$3 -> se.emilsjolander.stickylistheaders.m:
    se.emilsjolander.stickylistheaders.StickyListHeadersListView this$0 -> a
    android.view.View$OnTouchListener val$l -> b
    boolean onTouch(android.view.View,android.view.MotionEvent) -> onTouch
se.emilsjolander.stickylistheaders.StickyListHeadersListView$AdapterWrapperDataSetObserver -> se.emilsjolander.stickylistheaders.n:
    se.emilsjolander.stickylistheaders.StickyListHeadersListView this$0 -> a
    void onChanged() -> onChanged
    void onInvalidated() -> onInvalidated
se.emilsjolander.stickylistheaders.StickyListHeadersListView$AdapterWrapperHeaderClickHandler -> se.emilsjolander.stickylistheaders.o:
    se.emilsjolander.stickylistheaders.StickyListHeadersListView this$0 -> a
    void onHeaderClick(android.view.View,int,long) -> a
se.emilsjolander.stickylistheaders.StickyListHeadersListView$OnHeaderClickListener -> se.emilsjolander.stickylistheaders.p:
    void onHeaderClick(se.emilsjolander.stickylistheaders.StickyListHeadersListView,android.view.View,int,long,boolean) -> a
se.emilsjolander.stickylistheaders.StickyListHeadersListView$OnStickyHeaderChangedListener -> se.emilsjolander.stickylistheaders.q:
    void onStickyHeaderChanged(se.emilsjolander.stickylistheaders.StickyListHeadersListView,android.view.View,int,long) -> a