MobileSafe09/proguard/usage.txt
com.github.lzyzsd.circleprogress.ArcProgress:
    private static final java.lang.String INSTANCE_STATE
    private static final java.lang.String INSTANCE_STROKE_WIDTH
    private static final java.lang.String INSTANCE_SUFFIX_TEXT_SIZE
    private static final java.lang.String INSTANCE_SUFFIX_TEXT_PADDING
    private static final java.lang.String INSTANCE_BOTTOM_TEXT_SIZE
    private static final java.lang.String INSTANCE_BOTTOM_TEXT
    private static final java.lang.String INSTANCE_TEXT_SIZE
    private static final java.lang.String INSTANCE_TEXT_COLOR
    private static final java.lang.String INSTANCE_PROGRESS
    private static final java.lang.String INSTANCE_MAX
    private static final java.lang.String INSTANCE_FINISHED_STROKE_COLOR
    private static final java.lang.String INSTANCE_UNFINISHED_STROKE_COLOR
    private static final java.lang.String INSTANCE_ARC_ANGLE
    private static final java.lang.String INSTANCE_SUFFIX
com.github.lzyzsd.circleprogress.CircleProgress
com.github.lzyzsd.circleprogress.DonutProgress
com.github.lzyzsd.circleprogress.R:
    9:9:public R()
com.github.lzyzsd.circleprogress.R$attr
com.github.lzyzsd.circleprogress.R$styleable:
    10:10:public R$styleable()
com.github.lzyzsd.circleprogress.Utils:
    8:8:public Utils()
com.itcast.mobilesafe09.BuildConfig
com.itcast.mobilesafe09.R
com.itcast.mobilesafe09.R$anim
com.itcast.mobilesafe09.R$attr
com.itcast.mobilesafe09.R$color
com.itcast.mobilesafe09.R$dimen
com.itcast.mobilesafe09.R$drawable
com.itcast.mobilesafe09.R$id
com.itcast.mobilesafe09.R$layout
com.itcast.mobilesafe09.R$menu
com.itcast.mobilesafe09.R$raw
com.itcast.mobilesafe09.R$string
com.itcast.mobilesafe09.R$style
com.itcast.mobilesafe09.R$styleable
com.itcast.mobilesafe09.R$xml
com.itcast.mobilesafe09.activity.AppManagerActivity:
    private static final int TYPE_TITLE
    private static final int TYPE_NORMAL
com.itcast.mobilesafe09.activity.BlackNumberActivity:
    private static final int REQUEST_CODE_ADD
    private static final int REQUEST_CODE_UPDATE
com.itcast.mobilesafe09.db.dao.AddressDao:
    10:10:public AddressDao()
com.itcast.mobilesafe09.db.dao.BlackNumberDao:
    136:162:public java.util.ArrayList findAll()
com.itcast.mobilesafe09.db.dao.CommonNumberDao:
    12:12:public CommonNumberDao()
com.itcast.mobilesafe09.db.dao.VirusDao:
    10:10:public VirusDao()
com.itcast.mobilesafe09.engine.AppInfoProvider:
    24:24:public AppInfoProvider()
com.itcast.mobilesafe09.engine.ProcessInfoProvider:
    28:28:public ProcessInfoProvider()
com.itcast.mobilesafe09.global.GlobalConstants
com.itcast.mobilesafe09.test.AppLockTest
com.itcast.mobilesafe09.test.BlackNumberTest
com.itcast.mobilesafe09.utils.MD5Utils:
    6:6:public MD5Utils()
com.itcast.mobilesafe09.utils.PrefUtils:
    public static final java.lang.String PREF_NAME
    6:6:public PrefUtils()
com.itcast.mobilesafe09.utils.ServiceStatusUtils:
    13:13:public ServiceStatusUtils()
com.itcast.mobilesafe09.utils.SmsUtils:
    25:25:public SmsUtils()
com.itcast.mobilesafe09.utils.ToastUtils:
    7:7:public ToastUtils()
com.itcast.mobilesafe09.view.SettingItemView:
    private static final java.lang.String NAMESPACE
se.emilsjolander.stickylistheaders.DistinctMultiHashMap
se.emilsjolander.stickylistheaders.DistinctMultiHashMap$1
se.emilsjolander.stickylistheaders.DistinctMultiHashMap$IDMapper
se.emilsjolander.stickylistheaders.DualHashMap
se.emilsjolander.stickylistheaders.ExpandableStickyListHeadersAdapter
se.emilsjolander.stickylistheaders.ExpandableStickyListHeadersListView
se.emilsjolander.stickylistheaders.ExpandableStickyListHeadersListView$1
se.emilsjolander.stickylistheaders.ExpandableStickyListHeadersListView$IAnimationExecutor
se.emilsjolander.stickylistheaders.R:
    9:9:public R()
se.emilsjolander.stickylistheaders.R$attr:
    41:41:public R$attr()
se.emilsjolander.stickylistheaders.R$drawable
se.emilsjolander.stickylistheaders.R$styleable:
    13:13:public R$styleable()